Detecting compiler hash for triplet x64-windows...
Compiler found: C:/Program Files/Microsoft Visual Studio/2022/Community/VC/Tools/MSVC/14.44.35207/bin/Hostx64/x64/cl.exe
The following packages are already installed:
  * egl-registry:x64-windows@2024-01-25 -- git+https://github.com/microsoft/vcpkg@d883db43133dd223c4ffdbef4193943f6784d43a
    glad[core,loader]:x64-windows@0.1.36 -- git+https://github.com/microsoft/vcpkg@fa93b14c1581057e1d14650f5f15c9b0757dd548
    glfw3:x64-windows@3.4#1 -- git+https://github.com/microsoft/vcpkg@d4bbd4f27c2ca619f57778985120cddcedadb1cc
  * opengl-registry:x64-windows@2024-02-10#1 -- git+https://github.com/microsoft/vcpkg@22f7aa58ee78c9f0db904b6251e9265f2be26f9d
  * vcpkg-cmake:x64-windows@2024-04-23 -- git+https://github.com/microsoft/vcpkg@e74aa1e8f93278a8e71372f1fa08c3df420eb840
  * vcpkg-cmake-config:x64-windows@2024-05-23 -- git+https://github.com/microsoft/vcpkg@97a63e4bc1a17422ffe4eff71da53b4b561a7841
glad provides CMake targets:

  # this is heuristically generated, and may not be correct
  find_package(glad CONFIG REQUIRED)
  target_link_libraries(main PRIVATE glad::glad)

glfw3 provides CMake targets:

  # this is heuristically generated, and may not be correct
  find_package(glfw3 CONFIG REQUIRED)
  target_link_libraries(main PRIVATE glfw)

glfw3 provides pkg-config modules:

  # A multi-platform library for OpenGL, window and input
  glfw3

All requested installations completed successfully in: 778 us
